TN:
SF:script/Deploy.s.sol
DA:17,0
FN:17,DeployScript.run
FNDA:0,DeployScript.run
DA:18,0
DA:20,0
DA:22,0
DA:32,0
DA:33,0
DA:34,0
DA:35,0
DA:36,0
DA:38,0
DA:40,0
FNF:1
FNH:0
LF:11
LH:0
BRF:0
BRH:0
end_of_record
TN:
SF:src/PositionManager.sol
DA:37,0
FN:37,PositionManager._getValidatedWBTCPrice
FNDA:0,PositionManager._getValidatedWBTCPrice
DA:38,0
DA:41,0
BRDA:41,0,0,-
BRDA:41,0,1,-
DA:44,0
BRDA:44,1,0,-
BRDA:44,1,1,-
DA:47,0
DA:50,1
FN:50,PositionManager.tokenA
FNDA:1,PositionManager.tokenA
DA:51,1
DA:54,1
FN:54,PositionManager.tokenB
FNDA:1,PositionManager.tokenB
DA:55,1
DA:58,0
FN:58,PositionManager.balance
FNDA:0,PositionManager.balance
DA:59,0
DA:60,0
DA:62,0
DA:65,1
FN:65,PositionManager.name
FNDA:1,PositionManager.name
DA:67,1
DA:68,1
DA:71,1
DA:74,31
FN:74,PositionManager.constructor
FNDA:31,PositionManager.constructor
DA:83,31
DA:84,31
DA:85,31
DA:86,31
DA:87,31
DA:88,31
DA:89,31
DA:90,31
DA:102,1
FN:102,PositionManager.createPosition
FNDA:1,PositionManager.createPosition
DA:114,1
DA:115,1
DA:118,1
DA:119,1
DA:122,1
DA:136,1
DA:139,1
DA:141,1
DA:151,11
FN:151,PositionManager.addLiquidityFromContract
FNDA:11,PositionManager.addLiquidityFromContract
DA:158,11
DA:161,11
DA:164,11
DA:165,11
DA:167,11
BRDA:167,2,0,11
BRDA:167,2,1,1
DA:170,0
BRDA:170,3,0,10
DA:171,10
DA:173,10
BRDA:173,4,0,10
DA:174,10
DA:178,10
DA:192,10
DA:195,10
DA:197,10
DA:212,0
FN:212,PositionManager.addLiquidityFromContractPrioritized
FNDA:0,PositionManager.addLiquidityFromContractPrioritized
DA:223,0
DA:224,0
DA:226,0
BRDA:226,5,0,-
BRDA:226,5,1,-
DA:230,0
DA:231,0
DA:233,0
DA:234,0
DA:237,0
BRDA:237,6,0,-
BRDA:237,6,1,-
DA:241,0
DA:242,0
DA:245,0
DA:246,0
DA:250,0
BRDA:250,7,0,-
DA:251,0
DA:253,0
BRDA:253,8,0,-
DA:254,0
DA:258,0
DA:272,0
DA:275,0
DA:277,0
DA:287,1
FN:287,PositionManager.collectFees
FNDA:1,PositionManager.collectFees
DA:288,1
DA:295,1
DA:297,1
DA:306,1
FN:306,PositionManager.collectFeesAndWithdraw
FNDA:1,PositionManager.collectFeesAndWithdraw
DA:313,1
BRDA:313,9,0,1
DA:314,1
DA:318,1
DA:319,1
DA:322,1
BRDA:322,10,0,1
DA:323,1
DA:327,1
BRDA:327,11,0,1
DA:328,1
DA:331,1
DA:332,1
DA:333,1
DA:340,2
FN:340,PositionManager.closePosition
FNDA:2,PositionManager.closePosition
DA:341,2
DA:342,2
BRDA:342,12,0,-
BRDA:342,12,1,-
DA:345,1
DA:348,1
DA:357,1
DA:360,1
DA:367,1
DA:370,1
DA:373,1
DA:375,1
DA:381,2
FN:381,PositionManager.rebalance
FNDA:2,PositionManager.rebalance
DA:382,2
DA:383,2
BRDA:383,13,0,-
BRDA:383,13,1,-
DA:389,1
DA:390,1
DA:402,1
DA:412,1
DA:413,1
DA:414,1
DA:419,1
DA:420,1
DA:422,1
DA:423,1
DA:427,1
DA:428,1
DA:430,1
DA:431,1
DA:448,1
DA:449,1
DA:450,1
DA:456,3
FN:456,PositionManager.getPositionInfo
FNDA:3,PositionManager.getPositionInfo
DA:457,3
DA:470,3
DA:472,3
DA:492,14
FN:492,PositionManager.calculateTickRange
FNDA:14,PositionManager.calculateTickRange
DA:494,14
DA:498,14
DA:501,14
DA:502,14
DA:507,3
FN:507,PositionManager.updateRange
FNDA:3,PositionManager.updateRange
DA:508,3
BRDA:508,14,0,3
BRDA:508,14,1,2
DA:509,1
DA:510,1
DA:517,266
FN:517,PositionManager.emergencyWithdraw
FNDA:266,PositionManager.emergencyWithdraw
DA:523,266
DA:524,266
BRDA:524,15,0,263
DA:525,263
DA:526,263
BRDA:526,16,0,-
BRDA:526,16,1,-
DA:527,263
DA:531,266
DA:532,266
BRDA:532,17,0,2
DA:533,2
DA:534,2
DA:538,266
DA:539,266
BRDA:539,18,0,2
DA:540,2
DA:541,2
DA:545,266
BRDA:545,19,0,266
BRDA:545,19,1,2
DA:555,0
FN:555,PositionManager.addLiquidity
FNDA:0,PositionManager.addLiquidity
DA:561,0
DA:570,3
FN:570,PositionManager.compound
FNDA:3,PositionManager.compound
DA:576,3
BRDA:576,20,0,-
BRDA:576,20,1,-
DA:579,2
DA:586,2
DA:588,2
BRDA:588,21,0,2
BRDA:588,21,1,2
DA:590,0
DA:593,0
DA:596,0
DA:599,0
DA:602,0
DA:608,0
DA:614,0
FN:614,PositionManager.getPools
FNDA:0,PositionManager.getPools
DA:615,0
DA:619,0
FN:619,PositionManager.onERC721Received
FNDA:0,PositionManager.onERC721Received
DA:625,0
FNF:21
FNH:15
LF:162
LH:119
BRF:34
BRH:16
end_of_record
TN:
SF:src/examples/PositionManagerExample.sol
DA:12,0
FN:12,PositionManagerExample.constructor
FNDA:0,PositionManagerExample.constructor
DA:13,0
DA:17,0
FN:17,PositionManagerExample.exampleAddLiquidity
FNDA:0,PositionManagerExample.exampleAddLiquidity
DA:25,0
DA:34,0
FN:34,PositionManagerExample.exampleRebalance
FNDA:0,PositionManagerExample.exampleRebalance
DA:36,0
DA:40,0
FN:40,PositionManagerExample.exampleCompound
FNDA:0,PositionManagerExample.exampleCompound
DA:46,0
DA:50,0
FN:50,PositionManagerExample.exampleGetPools
FNDA:0,PositionManagerExample.exampleGetPools
DA:51,0
DA:55,0
FN:55,PositionManagerExample.exampleUpdateRange
FNDA:0,PositionManagerExample.exampleUpdateRange
DA:56,0
FNF:6
FNH:0
LF:12
LH:0
BRF:0
BRH:0
end_of_record
